<?xml version="1.0" encoding="UTF-8"?>
<testng-results ignored="0" total="1" passed="1" failed="0" skipped="0">
  <reporter-output>
  </reporter-output>
  <suite started-at="2021-03-09T00:34:09 EET" name="Default suite" finished-at="2021-03-09T00:34:16 EET" duration-ms="7278">
    <groups>
    </groups>
    <test started-at="2021-03-09T00:34:09 EET" name="Default test" finished-at="2021-03-09T00:34:16 EET" duration-ms="7278">
      <class name="tests.test12">
        <test-method is-config="true" signature="startDriver()[pri:0, instance:tests.test12@702b8b12]" started-at="2021-03-09T00:34:05 EET" name="startDriver" finished-at="2021-03-09T00:34:09 EET" duration-ms="4367" status="PASS">
          <reporter-output>
          </reporter-output>
        </test-method> <!-- startDriver -->
        <test-method signature="validatePageMaintainability()[pri:1, instance:tests.test12@702b8b12]" started-at="2021-03-09T00:34:09 EET" name="validatePageMaintainability" finished-at="2021-03-09T00:34:16 EET" duration-ms="7251" status="PASS">
          <reporter-output>
          </reporter-output>
        </test-method> <!-- validatePageMaintainability -->
        <test-method is-config="true" signature="closeDriver()[pri:0, instance:tests.test12@702b8b12]" started-at="2021-03-09T00:34:17 EET" name="closeDriver" finished-at="2021-03-09T00:34:17 EET" duration-ms="124" status="PASS">
          <reporter-output>
          </reporter-output>
        </test-method> <!-- closeDriver -->
      </class> <!-- tests.test12 -->
    </test> <!-- Default test -->
  </suite> <!-- Default suite -->
</testng-results>
